<?xml version="1.0" encoding="UTF-8"?>
<!-- Generated by org.testng.reporters.JUnitReportReporter -->
<testsuite hostname="Mahi" failures="0" tests="3" name="com.test.classes.TestClass" time="67.411" errors="0" timestamp="2021-06-03T23:42:02 IST" skipped="0">
  <testcase classname="com.test.classes.TestClass" name="verifyUserLink" time="27.417"/>
  <system-out/>
  <testcase classname="com.test.classes.TestClass" name="verifyReportLink" time="23.132"/>
  <system-out/>
  <testcase classname="com.test.classes.TestClass" name="verifyTaskLink" time="16.862"/>
  <system-out/>
</testsuite> <!-- com.test.classes.TestClass -->
